<?xml version="1.0" encoding="UTF-8"?>
<!-- Generated by org.testng.reporters.JUnitReportReporter -->
<testsuite hostname="DESKTOP-18EU9UA" failures="0" tests="2" name="Test01_GET" time="11.087" errors="0" timestamp="2021-10-26T22:19:15 IST" skipped="0">
  <testcase classname="Test01_GET" name="test_01" time="10.829"/>
  <system-out/>
  <testcase classname="Test01_GET" name="test_02" time="0.258"/>
  <system-out/>
</testsuite> <!-- Test01_GET -->
