<?xml version="1.0" encoding="UTF-8"?>
<!-- Generated by org.testng.reporters.JUnitReportReporter -->
<testsuite hostname="DESKTOP-18EU9UA" failures="0" tests="3" name="Test01_GET" time="10.536" errors="0" timestamp="2021-10-27T22:33:30 IST" skipped="0">
  <testcase classname="Test01_GET" name="test_01" time="8.354"/>
  <system-out/>
  <testcase classname="Test01_GET" name="test_02" time="0.317"/>
  <system-out/>
  <testcase classname="Test01_GET" name="test_03" time="1.865"/>
  <system-out/>
</testsuite> <!-- Test01_GET -->
