<?xml version="1.0" encoding="UTF-8"?>
<!-- Generated by org.testng.reporters.JUnitReportReporter -->
<testsuite hostname="DESKTOP-18EU9UA" failures="0" tests="2" name="Test01_GET" time="8.660" errors="0" timestamp="2021-10-26T20:28:58 IST" skipped="0">
  <testcase classname="Test01_GET" name="test_01" time="8.304"/>
  <system-out/>
  <testcase classname="Test01_GET" name="test_02" time="0.356"/>
  <system-out/>
</testsuite> <!-- Test01_GET -->
